have_func: checking for rb_enc_raise() in ruby.h... -------------------- yes

PATH=".;A:/Ruby32-x64/lib;A:\Ruby32-x64\bin;A:\Ruby32-x64\msys64\ucrt64\bin;A:\Ruby32-x64\msys64\usr\bin;A:\Ruby32-x64\bin;C:\Program Files\Volta\;C:\Users\Burgil\AppData\Local\Programs\Python\Python311\Scripts\;C:\Users\Burgil\AppData\Local\Programs\Python\Python311\;C:\Program Files (x86)\Common Files\Intel\Shared Libraries\redist\intel64\compiler;C:\Program Files\Common Files\Oracle\Java\javapath;C:\Program Files (x86)\Common Files\Oracle\Java\javapath;C:\Program Files (x86)\Razer Chroma SDK\bin;C:\Program Files\Razer Chroma SDK\bin;C:\Program Files (x86)\Razer\ChromaBroadcast\bin;C:\Program Files\Razer\ChromaBroadcast\bin;C:\Windows\system32;C:\Windows;C:\Windows\System32\Wbem;C:\Windows\System32\WindowsPowerShell\v1.0\;C:\Windows\system32\config\systemprofile\AppData\Local\Microsoft\WindowsApps;C:\Program Files\CMake\bin;C:\Program Files\dotnet\;C:\ProgramData\chocolatey\bin;C:\Program Files\Git\cmd;C:\Program Files\PuTTY\;C:\Users\Burgil\AppData\Local\Programs\Python\Python312\Scripts\;C:\Users\Burgil\AppData\Local\Programs\Python\Python312\;C:\Users\Burgil\AppData\Local\Programs\Python\Python310\Scripts\;C:\Users\Burgil\AppData\Local\Programs\Python\Python310\;C:\Users\Burgil\AppData\Local\Volta\bin;C:\Users\Burgil\AppData\Local\Microsoft\WindowsApps;C:\Users\Burgil\AppData\Local\Programs\Microsoft VS Code\bin;C:\ProgramData\chocolatey\lib\mingw\tools\install\mingw64\bin;C:\Windows\System32\OpenSSH;C:\Users\Burgil\AppData\Local\GitHubDesktop\bin;B:\VS\MSBuild\Current\Bin;C:\Users\Burgil\.dotnet\tools;" "gcc -o conftest.exe -IA:/Ruby32-x64/include/ruby-3.2.0/x64-mingw-ucrt -IA:/Ruby32-x64/include/ruby-3.2.0/ruby/backward -IA:/Ruby32-x64/include/ruby-3.2.0 -I. -D__USE_MINGW_ANSI_STDIO=1 -DFD_SETSIZE=2048 -D_WIN32_WINNT=0x0600 -D__MINGW_USE_VC2005_COMPAT -D_FILE_OFFSET_BITS=64  -O3 -fno-fast-math -fstack-protector-strong conftest.c  -L. -LA:/Ruby32-x64/lib -L. -pipe -s -fstack-protector-strong -Wl,--no-as-needed  -m64   -lx64-ucrt-ruby320  -lshell32 -lws2_32 -liphlpapi -limagehlp -lshlwapi -lbcrypt  "
checked program was:
/* begin */
1: #include "ruby.h"
2: 
3: #include <winsock2.h>
4: #include <windows.h>
5: int main(int argc, char **argv)
6: {
7:   return !!argv[argc];
8: }
/* end */

PATH=".;A:/Ruby32-x64/lib;A:\Ruby32-x64\bin;A:\Ruby32-x64\msys64\ucrt64\bin;A:\Ruby32-x64\msys64\usr\bin;A:\Ruby32-x64\bin;C:\Program Files\Volta\;C:\Users\Burgil\AppData\Local\Programs\Python\Python311\Scripts\;C:\Users\Burgil\AppData\Local\Programs\Python\Python311\;C:\Program Files (x86)\Common Files\Intel\Shared Libraries\redist\intel64\compiler;C:\Program Files\Common Files\Oracle\Java\javapath;C:\Program Files (x86)\Common Files\Oracle\Java\javapath;C:\Program Files (x86)\Razer Chroma SDK\bin;C:\Program Files\Razer Chroma SDK\bin;C:\Program Files (x86)\Razer\ChromaBroadcast\bin;C:\Program Files\Razer\ChromaBroadcast\bin;C:\Windows\system32;C:\Windows;C:\Windows\System32\Wbem;C:\Windows\System32\WindowsPowerShell\v1.0\;C:\Windows\system32\config\systemprofile\AppData\Local\Microsoft\WindowsApps;C:\Program Files\CMake\bin;C:\Program Files\dotnet\;C:\ProgramData\chocolatey\bin;C:\Program Files\Git\cmd;C:\Program Files\PuTTY\;C:\Users\Burgil\AppData\Local\Programs\Python\Python312\Scripts\;C:\Users\Burgil\AppData\Local\Programs\Python\Python312\;C:\Users\Burgil\AppData\Local\Programs\Python\Python310\Scripts\;C:\Users\Burgil\AppData\Local\Programs\Python\Python310\;C:\Users\Burgil\AppData\Local\Volta\bin;C:\Users\Burgil\AppData\Local\Microsoft\WindowsApps;C:\Users\Burgil\AppData\Local\Programs\Microsoft VS Code\bin;C:\ProgramData\chocolatey\lib\mingw\tools\install\mingw64\bin;C:\Windows\System32\OpenSSH;C:\Users\Burgil\AppData\Local\GitHubDesktop\bin;B:\VS\MSBuild\Current\Bin;C:\Users\Burgil\.dotnet\tools;" "gcc -o conftest.exe -IA:/Ruby32-x64/include/ruby-3.2.0/x64-mingw-ucrt -IA:/Ruby32-x64/include/ruby-3.2.0/ruby/backward -IA:/Ruby32-x64/include/ruby-3.2.0 -I. -D__USE_MINGW_ANSI_STDIO=1 -DFD_SETSIZE=2048 -D_WIN32_WINNT=0x0600 -D__MINGW_USE_VC2005_COMPAT -D_FILE_OFFSET_BITS=64  -O3 -fno-fast-math -fstack-protector-strong conftest.c  -L. -LA:/Ruby32-x64/lib -L. -pipe -s -fstack-protector-strong -Wl,--no-as-needed  -m64   -lx64-ucrt-ruby320  -lshell32 -lws2_32 -liphlpapi -limagehlp -lshlwapi -lbcrypt  "
conftest.c: In function 't':
conftest.c:18:57: error: 'rb_enc_raise' undeclared (first use in this function); did you mean 'rb_exc_raise'?
   18 | int t(void) { void ((*volatile p)()); p = (void ((*)()))rb_enc_raise; return !p; }
      |                                                         ^~~~~~~~~~~~
      |                                                         rb_exc_raise
conftest.c:18:57: note: each undeclared identifier is reported only once for each function it appears in
checked program was:
/* begin */
 1: #include "ruby.h"
 2: 
 3: #include <winsock2.h>
 4: #include <windows.h>
 5: #include <ruby.h>
 6: 
 7: /*top*/
 8: extern int t(void);
 9: int main(int argc, char **argv)
10: {
11:   if (argc > 1000000) {
12:     int (* volatile tp)(void)=(int (*)(void))&t;
13:     printf("%d", (*tp)());
14:   }
15: 
16:   return !!argv[argc];
17: }
18: int t(void) { void ((*volatile p)()); p = (void ((*)()))rb_enc_raise; return !p; }
/* end */

PATH=".;A:/Ruby32-x64/lib;A:\Ruby32-x64\bin;A:\Ruby32-x64\msys64\ucrt64\bin;A:\Ruby32-x64\msys64\usr\bin;A:\Ruby32-x64\bin;C:\Program Files\Volta\;C:\Users\Burgil\AppData\Local\Programs\Python\Python311\Scripts\;C:\Users\Burgil\AppData\Local\Programs\Python\Python311\;C:\Program Files (x86)\Common Files\Intel\Shared Libraries\redist\intel64\compiler;C:\Program Files\Common Files\Oracle\Java\javapath;C:\Program Files (x86)\Common Files\Oracle\Java\javapath;C:\Program Files (x86)\Razer Chroma SDK\bin;C:\Program Files\Razer Chroma SDK\bin;C:\Program Files (x86)\Razer\ChromaBroadcast\bin;C:\Program Files\Razer\ChromaBroadcast\bin;C:\Windows\system32;C:\Windows;C:\Windows\System32\Wbem;C:\Windows\System32\WindowsPowerShell\v1.0\;C:\Windows\system32\config\systemprofile\AppData\Local\Microsoft\WindowsApps;C:\Program Files\CMake\bin;C:\Program Files\dotnet\;C:\ProgramData\chocolatey\bin;C:\Program Files\Git\cmd;C:\Program Files\PuTTY\;C:\Users\Burgil\AppData\Local\Programs\Python\Python312\Scripts\;C:\Users\Burgil\AppData\Local\Programs\Python\Python312\;C:\Users\Burgil\AppData\Local\Programs\Python\Python310\Scripts\;C:\Users\Burgil\AppData\Local\Programs\Python\Python310\;C:\Users\Burgil\AppData\Local\Volta\bin;C:\Users\Burgil\AppData\Local\Microsoft\WindowsApps;C:\Users\Burgil\AppData\Local\Programs\Microsoft VS Code\bin;C:\ProgramData\chocolatey\lib\mingw\tools\install\mingw64\bin;C:\Windows\System32\OpenSSH;C:\Users\Burgil\AppData\Local\GitHubDesktop\bin;B:\VS\MSBuild\Current\Bin;C:\Users\Burgil\.dotnet\tools;" "gcc -o conftest.exe -IA:/Ruby32-x64/include/ruby-3.2.0/x64-mingw-ucrt -IA:/Ruby32-x64/include/ruby-3.2.0/ruby/backward -IA:/Ruby32-x64/include/ruby-3.2.0 -I. -D__USE_MINGW_ANSI_STDIO=1 -DFD_SETSIZE=2048 -D_WIN32_WINNT=0x0600 -D__MINGW_USE_VC2005_COMPAT -D_FILE_OFFSET_BITS=64  -O3 -fno-fast-math -fstack-protector-strong conftest.c  -L. -LA:/Ruby32-x64/lib -L. -pipe -s -fstack-protector-strong -Wl,--no-as-needed  -m64   -lx64-ucrt-ruby320  -lshell32 -lws2_32 -liphlpapi -limagehlp -lshlwapi -lbcrypt  "
checked program was:
/* begin */
 1: #include "ruby.h"
 2: 
 3: #include <winsock2.h>
 4: #include <windows.h>
 5: #include <ruby.h>
 6: 
 7: /*top*/
 8: extern int t(void);
 9: int main(int argc, char **argv)
10: {
11:   if (argc > 1000000) {
12:     int (* volatile tp)(void)=(int (*)(void))&t;
13:     printf("%d", (*tp)());
14:   }
15: 
16:   return !!argv[argc];
17: }
18: extern void rb_enc_raise();
19: int t(void) { rb_enc_raise(); return 0; }
/* end */

--------------------

have_func: checking for rb_enc_interned_str() in ruby.h... -------------------- yes

PATH=".;A:/Ruby32-x64/lib;A:\Ruby32-x64\bin;A:\Ruby32-x64\msys64\ucrt64\bin;A:\Ruby32-x64\msys64\usr\bin;A:\Ruby32-x64\bin;C:\Program Files\Volta\;C:\Users\Burgil\AppData\Local\Programs\Python\Python311\Scripts\;C:\Users\Burgil\AppData\Local\Programs\Python\Python311\;C:\Program Files (x86)\Common Files\Intel\Shared Libraries\redist\intel64\compiler;C:\Program Files\Common Files\Oracle\Java\javapath;C:\Program Files (x86)\Common Files\Oracle\Java\javapath;C:\Program Files (x86)\Razer Chroma SDK\bin;C:\Program Files\Razer Chroma SDK\bin;C:\Program Files (x86)\Razer\ChromaBroadcast\bin;C:\Program Files\Razer\ChromaBroadcast\bin;C:\Windows\system32;C:\Windows;C:\Windows\System32\Wbem;C:\Windows\System32\WindowsPowerShell\v1.0\;C:\Windows\system32\config\systemprofile\AppData\Local\Microsoft\WindowsApps;C:\Program Files\CMake\bin;C:\Program Files\dotnet\;C:\ProgramData\chocolatey\bin;C:\Program Files\Git\cmd;C:\Program Files\PuTTY\;C:\Users\Burgil\AppData\Local\Programs\Python\Python312\Scripts\;C:\Users\Burgil\AppData\Local\Programs\Python\Python312\;C:\Users\Burgil\AppData\Local\Programs\Python\Python310\Scripts\;C:\Users\Burgil\AppData\Local\Programs\Python\Python310\;C:\Users\Burgil\AppData\Local\Volta\bin;C:\Users\Burgil\AppData\Local\Microsoft\WindowsApps;C:\Users\Burgil\AppData\Local\Programs\Microsoft VS Code\bin;C:\ProgramData\chocolatey\lib\mingw\tools\install\mingw64\bin;C:\Windows\System32\OpenSSH;C:\Users\Burgil\AppData\Local\GitHubDesktop\bin;B:\VS\MSBuild\Current\Bin;C:\Users\Burgil\.dotnet\tools;" "gcc -o conftest.exe -IA:/Ruby32-x64/include/ruby-3.2.0/x64-mingw-ucrt -IA:/Ruby32-x64/include/ruby-3.2.0/ruby/backward -IA:/Ruby32-x64/include/ruby-3.2.0 -I. -D__USE_MINGW_ANSI_STDIO=1 -DFD_SETSIZE=2048 -D_WIN32_WINNT=0x0600 -D__MINGW_USE_VC2005_COMPAT -D_FILE_OFFSET_BITS=64  -O3 -fno-fast-math -fstack-protector-strong conftest.c  -L. -LA:/Ruby32-x64/lib -L. -pipe -s -fstack-protector-strong -Wl,--no-as-needed  -m64   -lx64-ucrt-ruby320  -lshell32 -lws2_32 -liphlpapi -limagehlp -lshlwapi -lbcrypt  "
conftest.c: In function 't':
conftest.c:18:57: error: 'rb_enc_interned_str' undeclared (first use in this function); did you mean 'rb_interned_str'?
   18 | int t(void) { void ((*volatile p)()); p = (void ((*)()))rb_enc_interned_str; return !p; }
      |                                                         ^~~~~~~~~~~~~~~~~~~
      |                                                         rb_interned_str
conftest.c:18:57: note: each undeclared identifier is reported only once for each function it appears in
checked program was:
/* begin */
 1: #include "ruby.h"
 2: 
 3: #include <winsock2.h>
 4: #include <windows.h>
 5: #include <ruby.h>
 6: 
 7: /*top*/
 8: extern int t(void);
 9: int main(int argc, char **argv)
10: {
11:   if (argc > 1000000) {
12:     int (* volatile tp)(void)=(int (*)(void))&t;
13:     printf("%d", (*tp)());
14:   }
15: 
16:   return !!argv[argc];
17: }
18: int t(void) { void ((*volatile p)()); p = (void ((*)()))rb_enc_interned_str; return !p; }
/* end */

PATH=".;A:/Ruby32-x64/lib;A:\Ruby32-x64\bin;A:\Ruby32-x64\msys64\ucrt64\bin;A:\Ruby32-x64\msys64\usr\bin;A:\Ruby32-x64\bin;C:\Program Files\Volta\;C:\Users\Burgil\AppData\Local\Programs\Python\Python311\Scripts\;C:\Users\Burgil\AppData\Local\Programs\Python\Python311\;C:\Program Files (x86)\Common Files\Intel\Shared Libraries\redist\intel64\compiler;C:\Program Files\Common Files\Oracle\Java\javapath;C:\Program Files (x86)\Common Files\Oracle\Java\javapath;C:\Program Files (x86)\Razer Chroma SDK\bin;C:\Program Files\Razer Chroma SDK\bin;C:\Program Files (x86)\Razer\ChromaBroadcast\bin;C:\Program Files\Razer\ChromaBroadcast\bin;C:\Windows\system32;C:\Windows;C:\Windows\System32\Wbem;C:\Windows\System32\WindowsPowerShell\v1.0\;C:\Windows\system32\config\systemprofile\AppData\Local\Microsoft\WindowsApps;C:\Program Files\CMake\bin;C:\Program Files\dotnet\;C:\ProgramData\chocolatey\bin;C:\Program Files\Git\cmd;C:\Program Files\PuTTY\;C:\Users\Burgil\AppData\Local\Programs\Python\Python312\Scripts\;C:\Users\Burgil\AppData\Local\Programs\Python\Python312\;C:\Users\Burgil\AppData\Local\Programs\Python\Python310\Scripts\;C:\Users\Burgil\AppData\Local\Programs\Python\Python310\;C:\Users\Burgil\AppData\Local\Volta\bin;C:\Users\Burgil\AppData\Local\Microsoft\WindowsApps;C:\Users\Burgil\AppData\Local\Programs\Microsoft VS Code\bin;C:\ProgramData\chocolatey\lib\mingw\tools\install\mingw64\bin;C:\Windows\System32\OpenSSH;C:\Users\Burgil\AppData\Local\GitHubDesktop\bin;B:\VS\MSBuild\Current\Bin;C:\Users\Burgil\.dotnet\tools;" "gcc -o conftest.exe -IA:/Ruby32-x64/include/ruby-3.2.0/x64-mingw-ucrt -IA:/Ruby32-x64/include/ruby-3.2.0/ruby/backward -IA:/Ruby32-x64/include/ruby-3.2.0 -I. -D__USE_MINGW_ANSI_STDIO=1 -DFD_SETSIZE=2048 -D_WIN32_WINNT=0x0600 -D__MINGW_USE_VC2005_COMPAT -D_FILE_OFFSET_BITS=64  -O3 -fno-fast-math -fstack-protector-strong conftest.c  -L. -LA:/Ruby32-x64/lib -L. -pipe -s -fstack-protector-strong -Wl,--no-as-needed  -m64   -lx64-ucrt-ruby320  -lshell32 -lws2_32 -liphlpapi -limagehlp -lshlwapi -lbcrypt  "
checked program was:
/* begin */
 1: #include "ruby.h"
 2: 
 3: #include <winsock2.h>
 4: #include <windows.h>
 5: #include <ruby.h>
 6: 
 7: /*top*/
 8: extern int t(void);
 9: int main(int argc, char **argv)
10: {
11:   if (argc > 1000000) {
12:     int (* volatile tp)(void)=(int (*)(void))&t;
13:     printf("%d", (*tp)());
14:   }
15: 
16:   return !!argv[argc];
17: }
18: extern void rb_enc_interned_str();
19: int t(void) { rb_enc_interned_str(); return 0; }
/* end */

--------------------

